EQN2JED - Boolean Equations to JEDEC file assembler (Version V101)
Copyright (c) National Semiconductor Corporation 1990-1993

Log file for d:\ADDRES~6.EQN
Device: G22V10

Pin   Label               Type
---   -----               ----
2     PHI                 pos,com input
3     RW                  pos,com input
4     MOD                 pos,com input
5     A9                  pos,com input
6     A8                  pos,com input
7     A7                  pos,com input
8     A6                  pos,com input
9     A5                  pos,com input
10    A4                  pos,com input
11    A3                  pos,com input
12    GND                 ground pin
13    A15                 pos,com input
14    A13                 pos,com input
15    A14                 pos,com input
16    A12                 pos,com input
17    A11                 pos,com input
18    A10                 pos,com input
19    RAM2                neg,trst,com output
20    RAM1                neg,trst,com output
21    ROM                 neg,trst,com output
22    FF                  pos,trst,com output
23    BANK                pos,com input
24    VCC                 power pin

EQN2JED - Boolean Equations to JEDEC file assembler (Version V101)
Copyright (c) National Semiconductor Corporation 1990-1993

Device Utilization:

No of dedicated inputs used               : 12/12 (100.0%)
No of feedbacks used as dedicated inputs  :  5/10 (50.0%)
No of feedbacks used as dedicated outputs :  4/10 (40.0%)

		------------------------------------------
		Pin   Label                 Terms Usage
		------------------------------------------
		22    FF.oe                 1/1   (100.0%)
		22    FF                    1/10  (10.0%)
		21    ROM.oe                1/1   (100.0%)
		21    ROM                   3/12  (25.0%)
		20    RAM1.oe               1/1   (100.0%)
		20    RAM1                  3/14  (21.4%)
		19    RAM2.oe               1/1   (100.0%)
		19    RAM2                  6/16  (37.5%)
		------------------------------------------
		Total Terms                17/132 (12.9%)
		------------------------------------------

EQN2JED - Boolean Equations to JEDEC file assembler (Version V101)
Copyright (c) National Semiconductor Corporation 1990-1993

                            Chip diagram (DIP)

                             ._____    _____.
                             |     \__/     |
                         CLK |  1        24 | VCC
                         PHI |  2        23 | BANK
                          RW |  3        22 | FF
                         MOD |  4        21 | ROM
                          A9 |  5        20 | RAM1
                          A8 |  6        19 | RAM2
                          A7 |  7        18 | A10
                          A6 |  8        17 | A11
                          A5 |  9        16 | A12
                          A4 | 10        15 | A14
                          A3 | 11        14 | A13
                         GND | 12        13 | A15
                             |______________|
